<?xml version="1.0" encoding="UTF-8"?>
<!-- Generated by org.testng.reporters.JUnitReportReporter -->
<testsuite hostname="LAPTOP-M6K6JG6B" failures="0" tests="1" name="testCases.PositiveTestCases" time="3.277" errors="0" timestamp="2022-07-09T18:29:55 IST" skipped="0">
  <testcase classname="testCases.PositiveTestCases" name="postiveNumber" time="3.277"/>
  <system-out/>
</testsuite> <!-- testCases.PositiveTestCases -->
