<?xml version="1.0" encoding="UTF-8"?>
<!-- Generated by org.testng.reporters.JUnitReportReporter -->
<testsuite hostname="LAPTOP-M6K6JG6B" failures="0" tests="1" name="testCases.NegativeTestCase" time="3.275" errors="0" timestamp="2022-07-09T18:42:43 IST" skipped="0">
  <testcase classname="testCases.NegativeTestCase" name="stringInput" time="3.275"/>
  <system-out/>
</testsuite> <!-- testCases.NegativeTestCase -->
